<?xml version="1.0" encoding="UTF-8"?>
<!-- Generated by org.testng.reporters.JUnitReportReporter -->
<testsuite hostname="DESKTOP-M93428A" failures="0" tests="1" name="testCases.TC002_LoginTest" time="6.308" errors="0" timestamp="2025-11-01T16:26:57 IST" skipped="0">
  <testcase classname="testCases.TC002_LoginTest" name="verify_login" time="6.308"/>
</testsuite> <!-- testCases.TC002_LoginTest -->
