<?xml version="1.0" encoding="UTF-8"?>
<!-- Generated by org.testng.reporters.JUnitReportReporter -->
<testsuite hostname="DESKTOP-M93428A" failures="0" tests="1" name="testCases.TC001_AccountRegistrationTest" time="10.220" errors="0" timestamp="2025-11-01T16:26:57 IST" skipped="0">
  <testcase classname="testCases.TC001_AccountRegistrationTest" name="verify_account_registration" time="10.220"/>
</testsuite> <!-- testCases.TC001_AccountRegistrationTest -->
